<?xml version="1.0" encoding="UTF-8"?>
<!-- Generated by org.testng.reporters.JUnitReportReporter -->
<testsuite hostname="QA1082" failures="0" tests="1" name="singletonPatterDemoTest.AppTest" time="2.601" errors="0" timestamp="2024-07-21T17:57:37 IST" skipped="0">
  <testcase classname="singletonPatterDemoTest.AppTest" name="testGoogle" time="2.601"/>
</testsuite> <!-- singletonPatterDemoTest.AppTest -->
